<?xml version="1.0"?>
<testsuite failures="3" skipped="0" name="cucumber-js" time="707.7374577659998" tests="60">
  <testcase classname="Contractor Employee Master Verification" name="Verify Create and Upload options are visible on Contractor Employee Page" time="0.9990791990000001">
    <system-out><![CDATA[Given User opens the CLMS login application page..........................passed
When User enters username "admin" and password "sa".......................passed
And User clicks on the Login button.......................................passed
And User clicks on the Contractor Employee menu option....................passed
Then User should see the Create and Upload options on the Contractor Em...passed]]></system-out>
  </testcase>
  <testcase classname="Contractor Employee Master Verification" name="Click on Create button and verify popup opens" time="1.1961097959999998">
    <system-out><![CDATA[Given User opens the CLMS login application page..........................passed
When User enters username "admin" and password "sa".......................passed
And User clicks on the Login button.......................................passed
And User clicks on the Contractor Employee menu option....................passed
When User clicks on the Create button.....................................passed
Then User verifies identity card input field is visible...................passed]]></system-out>
  </testcase>
  <testcase classname="Contractor Employee Master Verification" name="Verify clicking close symbol on popup returns to main UI with Create button" time="0.9810323950000001">
    <system-out><![CDATA[Given User opens the CLMS login application page..........................passed
When User enters username "admin" and password "sa".......................passed
And User clicks on the Login button.......................................passed
And User clicks on the Contractor Employee menu option....................passed
When User clicks on the Create button.....................................passed
And User clicks on the Close symbol on popup..............................passed
Then User should see the Create button on the Contractor Employee page....passed]]></system-out>
  </testcase>
  <testcase classname="Contractor Employee Master Verification" name="Verify clicking Close button on popup returns to main UI with Upload button" time="1.0063870959999999">
    <system-out><![CDATA[Given User opens the CLMS login application page..........................passed
When User enters username "admin" and password "sa".......................passed
And User clicks on the Login button.......................................passed
And User clicks on the Contractor Employee menu option....................passed
When User clicks on the Create button.....................................passed
And User clicks on the Close button on popup..............................passed
Then User should see the Upload button on the Contractor Employee page....passed]]></system-out>
  </testcase>
  <testcase classname="Contractor Employee Detailed Form Verification and Validations" name="Verify all tabs, sections, and fields on Contractor Employee Form" time="25.643813795">
    <system-out><![CDATA[Given User opens the CLMS login application page..........................passed
When User enters username "Green" and password "sa".......................passed
And User clicks on the Login button.......................................passed
And User clicks on the Contractor Employee menu option....................passed
When User clicks on the Create button.....................................passed
Then User verifies Aadhaar Card input field is visible....................passed
When User enters dynamic valid Aadhaar number.............................passed
And User clicks on the Verify link if visible.............................passed
Then User should see Submit and Skip Verification options and click Ski...passed
Then User pauses execution for locator inspection.........................passed
Then User should see all form tabs sections and input fields on Contrac...passed]]></system-out>
  </testcase>
  <testcase classname="Contractor Employee Detailed Form Verification and Validations" name="Verify &quot;please First Create Employee&quot; popup for all restricted tabs" time="6.592199896">
    <system-out><![CDATA[Given User opens the CLMS login application page..........................passed
When User enters username "Green" and password "sa".......................passed
And User clicks on the Login button.......................................passed
And User clicks on the Contractor Employee menu option....................passed
When User clicks on the Create button.....................................passed
Then User verifies Aadhaar Card input field is visible....................passed
When User enters dynamic valid Aadhaar number.............................passed
And User clicks on the Verify link if visible.............................passed
Then User should see Submit and Skip Verification options and click Ski...passed
When User clicks on the "Deployment" tab without filling basic employee...passed
Then A validation popup with message "please First Create Employee" sho...passed
And User clicks the "OK" button on the popup to dismiss it................passed]]></system-out>
  </testcase>
  <testcase classname="Contractor Employee Detailed Form Verification and Validations" name="Verify &quot;please First Create Employee&quot; popup for all restricted tabs [1]" time="6.541286090000001">
    <system-out><![CDATA[Given User opens the CLMS login application page..........................passed
When User enters username "Green" and password "sa".......................passed
And User clicks on the Login button.......................................passed
And User clicks on the Contractor Employee menu option....................passed
When User clicks on the Create button.....................................passed
Then User verifies Aadhaar Card input field is visible....................passed
When User enters dynamic valid Aadhaar number.............................passed
And User clicks on the Verify link if visible.............................passed
Then User should see Submit and Skip Verification options and click Ski...passed
When User clicks on the "Reporting Manager" tab without filling basic e...passed
Then A validation popup with message "please First Create Employee" sho...passed
And User clicks the "OK" button on the popup to dismiss it................passed]]></system-out>
  </testcase>
  <testcase classname="Contractor Employee Detailed Form Verification and Validations" name="Verify &quot;please First Create Employee&quot; popup for all restricted tabs [2]" time="6.353356991">
    <system-out><![CDATA[Given User opens the CLMS login application page..........................passed
When User enters username "Green" and password "sa".......................passed
And User clicks on the Login button.......................................passed
And User clicks on the Contractor Employee menu option....................passed
When User clicks on the Create button.....................................passed
Then User verifies Aadhaar Card input field is visible....................passed
When User enters dynamic valid Aadhaar number.............................passed
And User clicks on the Verify link if visible.............................passed
Then User should see Submit and Skip Verification options and click Ski...passed
When User clicks on the "Shift" tab without filling basic employee deta...passed
Then A validation popup with message "please First Create Employee" sho...passed
And User clicks the "OK" button on the popup to dismiss it................passed]]></system-out>
  </testcase>
  <testcase classname="Contractor Employee Detailed Form Verification and Validations" name="Verify &quot;please First Create Employee&quot; popup for all restricted tabs [3]" time="6.53345089">
    <system-out><![CDATA[Given User opens the CLMS login application page..........................passed
When User enters username "Green" and password "sa".......................passed
And User clicks on the Login button.......................................passed
And User clicks on the Contractor Employee menu option....................passed
When User clicks on the Create button.....................................passed
Then User verifies Aadhaar Card input field is visible....................passed
When User enters dynamic valid Aadhaar number.............................passed
And User clicks on the Verify link if visible.............................passed
Then User should see Submit and Skip Verification options and click Ski...passed
When User clicks on the "Card" tab without filling basic employee detai...passed
Then A validation popup with message "please First Create Employee" sho...passed
And User clicks the "OK" button on the popup to dismiss it................passed]]></system-out>
  </testcase>
  <testcase classname="Contractor Employee Detailed Form Verification and Validations" name="Verify &quot;please First Create Employee&quot; popup for all restricted tabs [4]" time="6.0866101950000004">
    <system-out><![CDATA[Given User opens the CLMS login application page..........................passed
When User enters username "Green" and password "sa".......................passed
And User clicks on the Login button.......................................passed
And User clicks on the Contractor Employee menu option....................passed
When User clicks on the Create button.....................................passed
Then User verifies Aadhaar Card input field is visible....................passed
When User enters dynamic valid Aadhaar number.............................passed
And User clicks on the Verify link if visible.............................passed
Then User should see Submit and Skip Verification options and click Ski...passed
When User clicks on the "Week Off" tab without filling basic employee d...passed
Then A validation popup with message "please First Create Employee" sho...passed
And User clicks the "OK" button on the popup to dismiss it................passed]]></system-out>
  </testcase>
  <testcase classname="Contractor Employee Detailed Form Verification and Validations" name="Verify &quot;please First Create Employee&quot; popup for all restricted tabs [5]" time="6.465686289">
    <system-out><![CDATA[Given User opens the CLMS login application page..........................passed
When User enters username "Green" and password "sa".......................passed
And User clicks on the Login button.......................................passed
And User clicks on the Contractor Employee menu option....................passed
When User clicks on the Create button.....................................passed
Then User verifies Aadhaar Card input field is visible....................passed
When User enters dynamic valid Aadhaar number.............................passed
And User clicks on the Verify link if visible.............................passed
Then User should see Submit and Skip Verification options and click Ski...passed
When User clicks on the "Other Detail" tab without filling basic employ...passed
Then A validation popup with message "please First Create Employee" sho...passed
And User clicks the "OK" button on the popup to dismiss it................passed]]></system-out>
  </testcase>
  <testcase classname="Contractor Employee Detailed Form Verification and Validations" name="Verify &quot;please First Create Employee&quot; popup for all restricted tabs [6]" time="6.826934293">
    <system-out><![CDATA[Given User opens the CLMS login application page..........................passed
When User enters username "Green" and password "sa".......................passed
And User clicks on the Login button.......................................passed
And User clicks on the Contractor Employee menu option....................passed
When User clicks on the Create button.....................................passed
Then User verifies Aadhaar Card input field is visible....................passed
When User enters dynamic valid Aadhaar number.............................passed
And User clicks on the Verify link if visible.............................passed
Then User should see Submit and Skip Verification options and click Ski...passed
When User clicks on the "Address" tab without filling basic employee de...passed
Then A validation popup with message "please First Create Employee" sho...passed
And User clicks the "OK" button on the popup to dismiss it................passed]]></system-out>
  </testcase>
  <testcase classname="Contractor Employee Detailed Form Verification and Validations" name="Verify &quot;please First Create Employee&quot; popup for all restricted tabs [7]" time="4.829252994">
    <system-out><![CDATA[Given User opens the CLMS login application page..........................passed
When User enters username "Green" and password "sa".......................passed
And User clicks on the Login button.......................................passed
And User clicks on the Contractor Employee menu option....................passed
When User clicks on the Create button.....................................passed
Then User verifies Aadhaar Card input field is visible....................passed
When User enters dynamic valid Aadhaar number.............................passed
And User clicks on the Verify link if visible.............................passed
Then User should see Submit and Skip Verification options and click Ski...passed
When User clicks on the "Family Member" tab without filling basic emplo...passed
Then A validation popup with message "please First Create Employee" sho...passed
And User clicks the "OK" button on the popup to dismiss it................passed]]></system-out>
  </testcase>
  <testcase classname="Contractor Employee Detailed Form Verification and Validations" name="Verify &quot;please First Create Employee&quot; popup for all restricted tabs [8]" time="5.225296793999999">
    <system-out><![CDATA[Given User opens the CLMS login application page..........................passed
When User enters username "Green" and password "sa".......................passed
And User clicks on the Login button.......................................passed
And User clicks on the Contractor Employee menu option....................passed
When User clicks on the Create button.....................................passed
Then User verifies Aadhaar Card input field is visible....................passed
When User enters dynamic valid Aadhaar number.............................passed
And User clicks on the Verify link if visible.............................passed
Then User should see Submit and Skip Verification options and click Ski...passed
When User clicks on the "Qualification" tab without filling basic emplo...passed
Then A validation popup with message "please First Create Employee" sho...passed
And User clicks the "OK" button on the popup to dismiss it................passed]]></system-out>
  </testcase>
  <testcase classname="Contractor Employee Detailed Form Verification and Validations" name="Verify &quot;please First Create Employee&quot; popup for all restricted tabs [9]" time="6.127100692">
    <system-out><![CDATA[Given User opens the CLMS login application page..........................passed
When User enters username "Green" and password "sa".......................passed
And User clicks on the Login button.......................................passed
And User clicks on the Contractor Employee menu option....................passed
When User clicks on the Create button.....................................passed
Then User verifies Aadhaar Card input field is visible....................passed
When User enters dynamic valid Aadhaar number.............................passed
And User clicks on the Verify link if visible.............................passed
Then User should see Submit and Skip Verification options and click Ski...passed
When User clicks on the "Experience" tab without filling basic employee...passed
Then A validation popup with message "please First Create Employee" sho...passed
And User clicks the "OK" button on the popup to dismiss it................passed]]></system-out>
  </testcase>
  <testcase classname="Contractor Employee Detailed Form Verification and Validations" name="Verify &quot;please First Create Employee&quot; popup for all restricted tabs [10]" time="6.174921093">
    <system-out><![CDATA[Given User opens the CLMS login application page..........................passed
When User enters username "Green" and password "sa".......................passed
And User clicks on the Login button.......................................passed
And User clicks on the Contractor Employee menu option....................passed
When User clicks on the Create button.....................................passed
Then User verifies Aadhaar Card input field is visible....................passed
When User enters dynamic valid Aadhaar number.............................passed
And User clicks on the Verify link if visible.............................passed
Then User should see Submit and Skip Verification options and click Ski...passed
When User clicks on the "Training" tab without filling basic employee d...passed
Then A validation popup with message "please First Create Employee" sho...passed
And User clicks the "OK" button on the popup to dismiss it................passed]]></system-out>
  </testcase>
  <testcase classname="Contractor Employee Detailed Form Verification and Validations" name="Verify &quot;please First Create Employee&quot; popup for all restricted tabs [11]" time="6.402909389">
    <system-out><![CDATA[Given User opens the CLMS login application page..........................passed
When User enters username "Green" and password "sa".......................passed
And User clicks on the Login button.......................................passed
And User clicks on the Contractor Employee menu option....................passed
When User clicks on the Create button.....................................passed
Then User verifies Aadhaar Card input field is visible....................passed
When User enters dynamic valid Aadhaar number.............................passed
And User clicks on the Verify link if visible.............................passed
Then User should see Submit and Skip Verification options and click Ski...passed
When User clicks on the "Document" tab without filling basic employee d...passed
Then A validation popup with message "please First Create Employee" sho...passed
And User clicks the "OK" button on the popup to dismiss it................passed]]></system-out>
  </testcase>
  <testcase classname="Contractor Employee Detailed Form Verification and Validations" name="Verify &quot;please First Create Employee&quot; popup for all restricted tabs [12]" time="6.181438093000001">
    <system-out><![CDATA[Given User opens the CLMS login application page..........................passed
When User enters username "Green" and password "sa".......................passed
And User clicks on the Login button.......................................passed
And User clicks on the Contractor Employee menu option....................passed
When User clicks on the Create button.....................................passed
Then User verifies Aadhaar Card input field is visible....................passed
When User enters dynamic valid Aadhaar number.............................passed
And User clicks on the Verify link if visible.............................passed
Then User should see Submit and Skip Verification options and click Ski...passed
When User clicks on the "Assets/PPE" tab without filling basic employee...passed
Then A validation popup with message "please First Create Employee" sho...passed
And User clicks the "OK" button on the popup to dismiss it................passed]]></system-out>
  </testcase>
  <testcase classname="Contractor Employee Detailed Form Verification and Validations" name="Verify &quot;please First Create Employee&quot; popup for all restricted tabs [13]" time="6.028701492000001">
    <system-out><![CDATA[Given User opens the CLMS login application page..........................passed
When User enters username "Green" and password "sa".......................passed
And User clicks on the Login button.......................................passed
And User clicks on the Contractor Employee menu option....................passed
When User clicks on the Create button.....................................passed
Then User verifies Aadhaar Card input field is visible....................passed
When User enters dynamic valid Aadhaar number.............................passed
And User clicks on the Verify link if visible.............................passed
Then User should see Submit and Skip Verification options and click Ski...passed
When User clicks on the "Salary Allocation" tab without filling basic e...passed
Then A validation popup with message "please First Create Employee" sho...passed
And User clicks the "OK" button on the popup to dismiss it................passed]]></system-out>
  </testcase>
  <testcase classname="Contractor Employee Detailed Form Verification and Validations" name="Verify &quot;please First Create Employee&quot; popup for all restricted tabs [14]" time="6.138831891">
    <system-out><![CDATA[Given User opens the CLMS login application page..........................passed
When User enters username "Green" and password "sa".......................passed
And User clicks on the Login button.......................................passed
And User clicks on the Contractor Employee menu option....................passed
When User clicks on the Create button.....................................passed
Then User verifies Aadhaar Card input field is visible....................passed
When User enters dynamic valid Aadhaar number.............................passed
And User clicks on the Verify link if visible.............................passed
Then User should see Submit and Skip Verification options and click Ski...passed
When User clicks on the "Penalty / Fine" tab without filling basic empl...passed
Then A validation popup with message "please First Create Employee" sho...passed
And User clicks the "OK" button on the popup to dismiss it................passed]]></system-out>
  </testcase>
  <testcase classname="Contractor Employee Detailed Form Verification and Validations" name="Verify &quot;please First Create Employee&quot; popup for all restricted tabs [15]" time="5.665170492">
    <system-out><![CDATA[Given User opens the CLMS login application page..........................passed
When User enters username "Green" and password "sa".......................passed
And User clicks on the Login button.......................................passed
And User clicks on the Contractor Employee menu option....................passed
When User clicks on the Create button.....................................passed
Then User verifies Aadhaar Card input field is visible....................passed
When User enters dynamic valid Aadhaar number.............................passed
And User clicks on the Verify link if visible.............................passed
Then User should see Submit and Skip Verification options and click Ski...passed
When User clicks on the "Assign Work Order" tab without filling basic e...passed
Then A validation popup with message "please First Create Employee" sho...passed
And User clicks the "OK" button on the popup to dismiss it................passed]]></system-out>
  </testcase>
  <testcase classname="Contractor Employee Detailed Form Verification and Validations" name="Verify &quot;please First Create Employee&quot; popup for all restricted tabs [16]" time="6.084680196000001">
    <system-out><![CDATA[Given User opens the CLMS login application page..........................passed
When User enters username "Green" and password "sa".......................passed
And User clicks on the Login button.......................................passed
And User clicks on the Contractor Employee menu option....................passed
When User clicks on the Create button.....................................passed
Then User verifies Aadhaar Card input field is visible....................passed
When User enters dynamic valid Aadhaar number.............................passed
And User clicks on the Verify link if visible.............................passed
Then User should see Submit and Skip Verification options and click Ski...passed
When User clicks on the "Nomination" tab without filling basic employee...passed
Then A validation popup with message "please First Create Employee" sho...passed
And User clicks the "OK" button on the popup to dismiss it................passed]]></system-out>
  </testcase>
  <testcase classname="Contractor Employee Detailed Form Verification and Validations" name="Verify &quot;please First Create Employee&quot; popup for all restricted tabs [17]" time="6.246927189999999">
    <system-out><![CDATA[Given User opens the CLMS login application page..........................passed
When User enters username "Green" and password "sa".......................passed
And User clicks on the Login button.......................................passed
And User clicks on the Contractor Employee menu option....................passed
When User clicks on the Create button.....................................passed
Then User verifies Aadhaar Card input field is visible....................passed
When User enters dynamic valid Aadhaar number.............................passed
And User clicks on the Verify link if visible.............................passed
Then User should see Submit and Skip Verification options and click Ski...passed
When User clicks on the "Medical Checkup" tab without filling basic emp...passed
Then A validation popup with message "please First Create Employee" sho...passed
And User clicks the "OK" button on the popup to dismiss it................passed]]></system-out>
  </testcase>
  <testcase classname="Contractor Employee Detailed Form Verification and Validations" name="Verify &quot;please First Create Employee&quot; popup for all restricted tabs [18]" time="5.186976693">
    <system-out><![CDATA[Given User opens the CLMS login application page..........................passed
When User enters username "Green" and password "sa".......................passed
And User clicks on the Login button.......................................passed
And User clicks on the Contractor Employee menu option....................passed
When User clicks on the Create button.....................................passed
Then User verifies Aadhaar Card input field is visible....................passed
When User enters dynamic valid Aadhaar number.............................passed
And User clicks on the Verify link if visible.............................passed
Then User should see Submit and Skip Verification options and click Ski...passed
When User clicks on the "Disciplinary Action" tab without filling basic...passed
Then A validation popup with message "please First Create Employee" sho...passed
And User clicks the "OK" button on the popup to dismiss it................passed]]></system-out>
  </testcase>
  <testcase classname="Contractor Employee Detailed Form Verification and Validations" name="Verify &quot;please First Create Employee&quot; popup for all restricted tabs [19]" time="6.1338152909999994">
    <system-out><![CDATA[Given User opens the CLMS login application page..........................passed
When User enters username "Green" and password "sa".......................passed
And User clicks on the Login button.......................................passed
And User clicks on the Contractor Employee menu option....................passed
When User clicks on the Create button.....................................passed
Then User verifies Aadhaar Card input field is visible....................passed
When User enters dynamic valid Aadhaar number.............................passed
And User clicks on the Verify link if visible.............................passed
Then User should see Submit and Skip Verification options and click Ski...passed
When User clicks on the "Police Verification" tab without filling basic...passed
Then A validation popup with message "please First Create Employee" sho...passed
And User clicks the "OK" button on the popup to dismiss it................passed]]></system-out>
  </testcase>
  <testcase classname="Contractor Employee Detailed Form Verification and Validations" name="Verify &quot;please First Create Employee&quot; popup for all restricted tabs [20]" time="5.8878312909999995">
    <system-out><![CDATA[Given User opens the CLMS login application page..........................passed
When User enters username "Green" and password "sa".......................passed
And User clicks on the Login button.......................................passed
And User clicks on the Contractor Employee menu option....................passed
When User clicks on the Create button.....................................passed
Then User verifies Aadhaar Card input field is visible....................passed
When User enters dynamic valid Aadhaar number.............................passed
And User clicks on the Verify link if visible.............................passed
Then User should see Submit and Skip Verification options and click Ski...passed
When User clicks on the "Project Salary" tab without filling basic empl...passed
Then A validation popup with message "please First Create Employee" sho...passed
And User clicks the "OK" button on the popup to dismiss it................passed]]></system-out>
  </testcase>
  <testcase classname="Contractor Employee Detailed Form Verification and Validations" name="Verify &quot;please First Create Employee&quot; popup for all restricted tabs [21]" time="6.8089292949999995">
    <system-out><![CDATA[Given User opens the CLMS login application page..........................passed
When User enters username "Green" and password "sa".......................passed
And User clicks on the Login button.......................................passed
And User clicks on the Contractor Employee menu option....................passed
When User clicks on the Create button.....................................passed
Then User verifies Aadhaar Card input field is visible....................passed
When User enters dynamic valid Aadhaar number.............................passed
And User clicks on the Verify link if visible.............................passed
Then User should see Submit and Skip Verification options and click Ski...passed
When User clicks on the "Employee Accident Register" tab without fillin...passed
Then A validation popup with message "please First Create Employee" sho...passed
And User clicks the "OK" button on the popup to dismiss it................passed]]></system-out>
  </testcase>
  <testcase classname="Contractor Employee Detailed Form Verification and Validations" name="Verify &quot;please First Create Employee&quot; popup for all restricted tabs [22]" time="5.466648494">
    <system-out><![CDATA[Given User opens the CLMS login application page..........................passed
When User enters username "Green" and password "sa".......................passed
And User clicks on the Login button.......................................passed
And User clicks on the Contractor Employee menu option....................passed
When User clicks on the Create button.....................................passed
Then User verifies Aadhaar Card input field is visible....................passed
When User enters dynamic valid Aadhaar number.............................passed
And User clicks on the Verify link if visible.............................passed
Then User should see Submit and Skip Verification options and click Ski...passed
When User clicks on the "Onboarding Fields" tab without filling basic e...passed
Then A validation popup with message "please First Create Employee" sho...passed
And User clicks the "OK" button on the popup to dismiss it................passed]]></system-out>
  </testcase>
  <testcase classname="Contractor Employee Detailed Form Verification and Validations" name="Verify Check Verification section expand, collapse and field interaction functionality" time="6.923170391000001">
    <system-out><![CDATA[Given User opens the CLMS login application page..........................passed
When User enters username "Green" and password "sa".......................passed
And User clicks on the Login button.......................................passed
And User clicks on the Contractor Employee menu option....................passed
When User clicks on the Create button.....................................passed
Then User verifies Aadhaar Card input field is visible....................passed
When User enters dynamic valid Aadhaar number.............................passed
And User clicks on the Verify link if visible.............................passed
Then User should see Submit and Skip Verification options and click Ski...passed
When User expands the Check Verification section if collapsed.............passed
Then User verifies and interacts with Background Checked and Medical Ch...passed
And User verifies editable remark fields with dynamic inputs:.............passed
When User collapses the Check Verification section........................passed
Then Verification sub-fields should not be visible........................passed
When User expands the Check Verification section again....................passed
Then Previously entered remark data should be retained....................passed]]></system-out>
  </testcase>
  <testcase classname="Contractor Employee Form Data Filling, Verification, Editing and Mandatory Field Validations" name="Verify mandatory asterisk indicators and field validations on save" time="2.5239536949999994">
    <system-out><![CDATA[Given User opens the CLMS login application page..........................passed
When User enters username "Green" and password "sa".......................passed
And User clicks on the Login button.......................................passed
And User clicks on the Contractor Employee menu option....................passed
When User clicks on the Create button.....................................passed
Then User verifies Aadhaar Card input field is visible....................passed
When User enters dynamic valid Aadhaar number.............................passed
And User clicks on the Verify link if visible.............................passed
Then User should see Submit and Skip Verification options and click Ski...passed
Then User verifies all mandatory fields are marked with red asterisk......passed
When User clicks on Save button without filling mandatory details.........passed
Then System should display validation errors for required fields..........passed]]></system-out>
  </testcase>
  <testcase classname="Contractor Employee Form Data Filling, Verification, Editing and Mandatory Field Validations" name="Verify mandatory field alert popup, handle OK, complete form and save" time="8.160086194">
    <failure type="Error" message="[2mexpect([22m[31mlocator[39m[2m).[22mtoBeVisible[2m([22m[2m)[22m failed&#xA;&#xA;Locator: getByText('Fill all mandatory fields')&#xA;Expected: visible&#xA;Timeout: 5000ms&#xA;Error: element(s) not found&#xA;&#xA;Call log:&#xA;[2m  - Expect &quot;to.be.visible&quot; with timeout 5000ms[22m&#xA;[2m  - waiting for getByText('Fill all mandatory fields')[22m&#xA;"><![CDATA[Error: [2mexpect([22m[31mlocator[39m[2m).[22mtoBeVisible[2m([22m[2m)[22m failed

Locator: getByText('Fill all mandatory fields')
Expected: visible
Timeout: 5000ms
Error: element(s) not found

Call log:
[2m  - Expect "to.be.visible" with timeout 5000ms[22m
[2m  - waiting for getByText('Fill all mandatory fields')[22m

    at captureRawStack (D:\CLMS-Automation\testing-framework-playwright--simplecode\node_modules\playwright-core\lib\coreBundle.js:9681:17)
    at callMatcherAsStep (D:\CLMS-Automation\testing-framework-playwright--simplecode\node_modules\playwright\lib\matchers\expect.js:13310:57)
    at Object.toBeVisible (D:\CLMS-Automation\testing-framework-playwright--simplecode\node_modules\playwright\lib\matchers\expect.js:13300:23)
    at World.<anonymous> (D:\CLMS-Automation\testing-framework-playwright--simplecode\features\step_definitions\contractorEmployeeForm.steps.js:93:32)]]></failure>
    <system-out><![CDATA[Given User opens the CLMS login application page..........................passed
When User enters username "Green" and password "sa".......................passed
And User clicks on the Login button.......................................passed
And User clicks on the Contractor Employee menu option....................passed
When User clicks on the Create button.....................................passed
Then User verifies Aadhaar Card input field is visible....................passed
When User enters dynamic valid Aadhaar number.............................passed
And User clicks on the Verify link if visible.............................passed
Then User should see Submit and Skip Verification options and click Ski...passed
When User scrolls to Save button and clicks Save..........................passed
Then System should display "Fill all mandatory fields" alert popup........failed
When User clicks on OK button on the alert popup.........................skipped
And User fills remaining mandatory fields with the following details:....skipped
And User selects options for all mandatory dropdowns.....................skipped
And User scrolls to Save button and clicks Save..........................skipped
Then User verifies contractor employee details saved successfully........skipped]]></system-out>
  </testcase>
  <testcase classname="Contractor Employee Form Data Filling, Verification, Editing and Mandatory Field Validations" name="Verify filling form fields, scrolling to save, and validating inserted data" time="12.659305496">
    <system-out><![CDATA[Given User opens the CLMS login application page..........................passed
When User enters username "Green" and password "sa".......................passed
And User clicks on the Login button.......................................passed
And User clicks on the Contractor Employee menu option....................passed
When User clicks on the Create button.....................................passed
Then User verifies Aadhaar Card input field is visible....................passed
When User enters dynamic valid Aadhaar number.............................passed
And User clicks on the Verify link if visible.............................passed
Then User should see Submit and Skip Verification options and click Ski...passed
When User fills the Contractor Employee form with the following details...passed
And User scrolls to Save button and clicks Save...........................passed
Then User verifies that inserted details match with displayed details.....passed]]></system-out>
  </testcase>
  <testcase classname="Contractor Employee Form Data Filling, Verification, Editing and Mandatory Field Validations" name="Verify filling, saving, matching data, and editing contractor employee details" time="23.291001992">
    <system-out><![CDATA[Given User opens the CLMS login application page..........................passed
When User enters username "Green" and password "sa".......................passed
And User clicks on the Login button.......................................passed
And User clicks on the Contractor Employee menu option....................passed
When User clicks on the Create button.....................................passed
Then User verifies Aadhaar Card input field is visible....................passed
When User enters dynamic valid Aadhaar number.............................passed
And User clicks on the Verify link if visible.............................passed
Then User should see Submit and Skip Verification options and click Ski...passed
When User fills the Contractor Employee form with the following details...passed
And User scrolls to Save button and clicks Save...........................passed
Then User verifies that inserted details match with displayed details.....passed
When User edits the form fields with updated details:.....................passed
And User scrolls to Save button and clicks Save...........................passed
Then User verifies updated data is correctly populated in input fields....passed
And User verifies contractor employee details saved successfully..........passed]]></system-out>
  </testcase>
  <testcase classname="Contractor Employee Form Data Filling, Verification, Editing and Mandatory Field Validations" name="Verify Birthday Calendar display, headers, and navigation" time="2.9115082889999995">
    <system-out><![CDATA[Given User opens the CLMS login application page..........................passed
When User enters username "Green" and password "sa".......................passed
And User clicks on the Login button.......................................passed
And User clicks on the Contractor Employee menu option....................passed
When User clicks on the Create button.....................................passed
Then User verifies Aadhaar Card input field is visible....................passed
When User enters dynamic valid Aadhaar number.............................passed
And User clicks on the Verify link if visible.............................passed
Then User should see Submit and Skip Verification options and click Ski...passed
When User clicks on the Birthday input field..............................passed
Then Birthday calendar should be displayed successfully...................passed
And Calendar month header should be visible...............................passed
And Previous month "«" and Next month "»" controls should be visible......passed
When User clicks on the Previous month "«" button.........................passed
Then Previous month details should be displayed in the calendar header....passed
When User clicks on the Next month "»" button.............................passed
Then Next month details should be displayed in the calendar header........passed]]></system-out>
  </testcase>
  <testcase classname="Contractor Employee Form Data Filling, Verification, Editing and Mandatory Field Validations" name="Verify validation popup when employee age is less than 18 years" time="8.023492191">
    <failure type="Error" message="[2mexpect([22m[31mlocator[39m[2m).[22mtoBeVisible[2m([22m[2m)[22m failed&#xA;&#xA;Locator:  locator('.swal2-popup, .modal-content, .alert-danger, :has-text(&quot;18&quot;)').first()&#xA;Expected: visible&#xA;Received: hidden&#xA;Timeout:  5000ms&#xA;&#xA;Call log:&#xA;[2m  - Expect &quot;to.be.visible&quot; with timeout 5000ms[22m&#xA;[2m  - waiting for locator('.swal2-popup, .modal-content, .alert-danger, :has-text(&quot;18&quot;)').first()[22m&#xA;[2m    13 × locator resolved to &lt;div class=&quot;modal-content width-615&quot;>…&lt;/div>[22m&#xA;[2m       - unexpected value &quot;hidden&quot;[22m&#xA;"><![CDATA[Error: [2mexpect([22m[31mlocator[39m[2m).[22mtoBeVisible[2m([22m[2m)[22m failed

Locator:  locator('.swal2-popup, .modal-content, .alert-danger, :has-text("18")').first()
Expected: visible
Received: hidden
Timeout:  5000ms

Call log:
[2m  - Expect "to.be.visible" with timeout 5000ms[22m
[2m  - waiting for locator('.swal2-popup, .modal-content, .alert-danger, :has-text("18")').first()[22m
[2m    13 × locator resolved to <div class="modal-content width-615">…</div>[22m
[2m       - unexpected value "hidden"[22m

    at captureRawStack (D:\CLMS-Automation\testing-framework-playwright--simplecode\node_modules\playwright-core\lib\coreBundle.js:9681:17)
    at callMatcherAsStep (D:\CLMS-Automation\testing-framework-playwright--simplecode\node_modules\playwright\lib\matchers\expect.js:13310:57)
    at Object.toBeVisible (D:\CLMS-Automation\testing-framework-playwright--simplecode\node_modules\playwright\lib\matchers\expect.js:13300:23)
    at ContractorEmployeeDetailsPage.verifyAgePopupDisplayed (D:\CLMS-Automation\testing-framework-playwright--simplecode\pages\mastermodule\contractorEmployeeDetails.js:244:42)
    at World.<anonymous> (D:\CLMS-Automation\testing-framework-playwright--simplecode\features\step_definitions\contractorEmployeeForm.steps.js:205:23)]]></failure>
    <system-out><![CDATA[Given User opens the CLMS login application page..........................passed
When User enters username "Green" and password "sa".......................passed
And User clicks on the Login button.......................................passed
And User clicks on the Contractor Employee menu option....................passed
When User clicks on the Create button.....................................passed
Then User verifies Aadhaar Card input field is visible....................passed
When User enters dynamic valid Aadhaar number.............................passed
And User clicks on the Verify link if visible.............................passed
Then User should see Submit and Skip Verification options and click Ski...passed
When User selects a birth date resulting in age less than 18 years........passed
And User scrolls to Save button and clicks Save...........................passed
Then Validation popup indicating age restriction should be displayed......failed
When User clicks OK on the age validation popup..........................skipped
Then Form should not be saved and user remains on the same page..........skipped]]></system-out>
  </testcase>
  <testcase classname="Contractor Employee Form Data Filling, Verification, Editing and Mandatory Field Validations" name="Verify successful save when employee age is greater than 18 years" time="12.786742195">
    <system-out><![CDATA[Given User opens the CLMS login application page..........................passed
When User enters username "Green" and password "sa".......................passed
And User clicks on the Login button.......................................passed
And User clicks on the Contractor Employee menu option....................passed
When User clicks on the Create button.....................................passed
Then User verifies Aadhaar Card input field is visible....................passed
When User enters dynamic valid Aadhaar number.............................passed
And User clicks on the Verify link if visible.............................passed
Then User should see Submit and Skip Verification options and click Ski...passed
When User selects a birth date resulting in age greater than 18 years.....passed
And User scrolls to Save button and clicks Save...........................passed
Then Age validation popup should not be displayed.........................passed
And Contractor Employee details should be saved successfully..............passed]]></system-out>
  </testcase>
  <testcase classname="Contractor Employee Form Data Filling, Verification, Editing and Mandatory Field Validations" name="Verify Contract From calendar open and month navigation controls" time="3.0203473909999996">
    <system-out><![CDATA[Given User opens the CLMS login application page..........................passed
When User enters username "Green" and password "sa".......................passed
And User clicks on the Login button.......................................passed
And User clicks on the Contractor Employee menu option....................passed
When User clicks on the Create button.....................................passed
Then User verifies Aadhaar Card input field is visible....................passed
When User enters dynamic valid Aadhaar number.............................passed
And User clicks on the Verify link if visible.............................passed
Then User should see Submit and Skip Verification options and click Ski...passed
When User clicks on Contract From date field..............................passed
Then Contract From date calendar should be displayed successfully.........passed
And Calendar month header should display current month....................passed
When User clicks on previous month "«" button in Contract From calendar...passed
Then Header should display the previous month name........................passed
When User clicks on next month "»" button in Contract From calendar.......passed
Then Header should display the updated month name.........................passed]]></system-out>
  </testcase>
  <testcase classname="Contractor Employee Form Data Filling, Verification, Editing and Mandatory Field Validations" name="Verify Contract To date is auto-calculated based on Contract From date and Days" time="7.088820694">
    <system-out><![CDATA[Given User opens the CLMS login application page..........................passed
When User enters username "Green" and password "sa".......................passed
And User clicks on the Login button.......................................passed
And User clicks on the Contractor Employee menu option....................passed
When User clicks on the Create button.....................................passed
Then User verifies Aadhaar Card input field is visible....................passed
When User enters dynamic valid Aadhaar number.............................passed
And User clicks on the Verify link if visible.............................passed
Then User should see Submit and Skip Verification options and click Ski...passed
When User enters Contract From date as "04-Mar-2026"......................passed
And User enters Contract Period In Days as "15"...........................passed
Then Contract To date field should be readonly and non-editable...........passed
And Contract To date should be auto-filled as "19-Mar-2026"...............passed]]></system-out>
  </testcase>
  <testcase classname="Contractor Employee Form Data Filling, Verification, Editing and Mandatory Field Validations" name="Verify Contract To date is auto-calculated based on Contract From date and Days [1]" time="5.326752591999999">
    <system-out><![CDATA[Given User opens the CLMS login application page..........................passed
When User enters username "Green" and password "sa".......................passed
And User clicks on the Login button.......................................passed
And User clicks on the Contractor Employee menu option....................passed
When User clicks on the Create button.....................................passed
Then User verifies Aadhaar Card input field is visible....................passed
When User enters dynamic valid Aadhaar number.............................passed
And User clicks on the Verify link if visible.............................passed
Then User should see Submit and Skip Verification options and click Ski...passed
When User enters Contract From date as "01-Aug-2026"......................passed
And User enters Contract Period In Days as "30"...........................passed
Then Contract To date field should be readonly and non-editable...........passed
And Contract To date should be auto-filled as "31-Aug-2026"...............passed]]></system-out>
  </testcase>
  <testcase classname="Contractor Employee Form Data Filling, Verification, Editing and Mandatory Field Validations" name="Verify Contract To date is auto-calculated based on Contract From date and Days [2]" time="7.981044795000001">
    <system-out><![CDATA[Given User opens the CLMS login application page..........................passed
When User enters username "Green" and password "sa".......................passed
And User clicks on the Login button.......................................passed
And User clicks on the Contractor Employee menu option....................passed
When User clicks on the Create button.....................................passed
Then User verifies Aadhaar Card input field is visible....................passed
When User enters dynamic valid Aadhaar number.............................passed
And User clicks on the Verify link if visible.............................passed
Then User should see Submit and Skip Verification options and click Ski...passed
When User enters Contract From date as "10-Feb-2026"......................passed
And User enters Contract Period In Days as "10"...........................passed
Then Contract To date field should be readonly and non-editable...........passed
And Contract To date should be auto-filled as "20-Feb-2026"...............passed]]></system-out>
  </testcase>
  <testcase classname="Contractor Employee Form Data Filling, Verification, Editing and Mandatory Field Validations" name="Verify default Status value on first time page launch" time="2.7197754950000004">
    <system-out><![CDATA[Given User opens the CLMS login application page..........................passed
When User enters username "Green" and password "sa".......................passed
And User clicks on the Login button.......................................passed
And User clicks on the Contractor Employee menu option....................passed
When User clicks on the Create button.....................................passed
Then User verifies Aadhaar Card input field is visible....................passed
When User enters dynamic valid Aadhaar number.............................passed
And User clicks on the Verify link if visible.............................passed
Then User should see Submit and Skip Verification options and click Ski...passed
Then User verifies the Status dropdown is visible and mandatory...........passed
And The default selected Status value should be "Active"..................passed]]></system-out>
  </testcase>
  <testcase classname="Contractor Employee Form Data Filling, Verification, Editing and Mandatory Field Validations" name="Verify all options are present in Status dropdown" time="1.745249094">
    <system-out><![CDATA[Given User opens the CLMS login application page..........................passed
When User enters username "Green" and password "sa".......................passed
And User clicks on the Login button.......................................passed
And User clicks on the Contractor Employee menu option....................passed
When User clicks on the Create button.....................................passed
Then User verifies Aadhaar Card input field is visible....................passed
When User enters dynamic valid Aadhaar number.............................passed
And User clicks on the Verify link if visible.............................passed
Then User should see Submit and Skip Verification options and click Ski...passed
When User clicks on the Status dropdown...................................passed
Then User should see the following options in Status dropdown:............passed]]></system-out>
  </testcase>
  <testcase classname="Contractor Employee Form Data Filling, Verification, Editing and Mandatory Field Validations" name="Verify Status dropdown selection and updating" time="3.579254496000001">
    <system-out><![CDATA[Given User opens the CLMS login application page..........................passed
When User enters username "Green" and password "sa".......................passed
And User clicks on the Login button.......................................passed
And User clicks on the Contractor Employee menu option....................passed
When User clicks on the Create button.....................................passed
Then User verifies Aadhaar Card input field is visible....................passed
When User enters dynamic valid Aadhaar number.............................passed
And User clicks on the Verify link if visible.............................passed
Then User should see Submit and Skip Verification options and click Ski...passed
When User selects Status as "Left"........................................passed
Then The Status field value should be updated to "Left"...................passed
When User updates Status to "Terminated"..................................passed
Then The Status field value should be updated to "Terminated".............passed]]></system-out>
  </testcase>
  <testcase classname="Contractor Employee Form Data Filling, Verification, Editing and Mandatory Field Validations" name="Verify Status dropdown selection and updating [1]" time="3.3805614929999996">
    <system-out><![CDATA[Given User opens the CLMS login application page..........................passed
When User enters username "Green" and password "sa".......................passed
And User clicks on the Login button.......................................passed
And User clicks on the Contractor Employee menu option....................passed
When User clicks on the Create button.....................................passed
Then User verifies Aadhaar Card input field is visible....................passed
When User enters dynamic valid Aadhaar number.............................passed
And User clicks on the Verify link if visible.............................passed
Then User should see Submit and Skip Verification options and click Ski...passed
When User selects Status as "Absconded"...................................passed
Then The Status field value should be updated to "Absconded"..............passed
When User updates Status to "Active"......................................passed
Then The Status field value should be updated to "Active".................passed]]></system-out>
  </testcase>
  <testcase classname="Contractor Employee Form Data Filling, Verification, Editing and Mandatory Field Validations" name="Verify successfully saving Contractor Employee by filling ALL mandatory fields across sections" time="16.117152789">
    <system-out><![CDATA[Given User opens the CLMS login application page..........................passed
When User enters username "Green" and password "sa".......................passed
And User clicks on the Login button.......................................passed
And User clicks on the Contractor Employee menu option....................passed
When User clicks on the Create button.....................................passed
Then User verifies Aadhaar Card input field is visible....................passed
When User enters dynamic valid Aadhaar number.............................passed
And User clicks on the Verify link if visible.............................passed
Then User should see Submit and Skip Verification options and click Ski...passed
When User fills mandatory Personal details with First Name "Harish", La...passed
And User fills Contract Period details with Contract From "20-Aug-2026"...passed
And User fills all mandatory Deployment details with Subsidiary "A.k en...passed
And User verifies default Status is "Active"..............................passed
And User clicks on the Save button........................................passed
Then User should see a success message confirming the employee was save...passed]]></system-out>
  </testcase>
  <testcase classname="Contractor Employee Deployment Details Validation and Update" name="Validate Deployment details, modify fields, click Cancel, and verify original details persist" time="33.347707889">
    <system-out><![CDATA[Given User opens the CLMS login application page..........................passed
When User enters username "admin" and password "sa".......................passed
And User clicks on the Login button.......................................passed
And User clicks on the Contractor Employee menu option....................passed
When User clicks on the Create button.....................................passed
And User verifies Aadhaar Card input field is visible.....................passed
And User enters dynamic valid Aadhaar number..............................passed
And User clicks on the Verify link if visible.............................passed
And User should see Submit and Skip Verification options and click Skip...passed
And User fills mandatory Personal details with First Name "Shubham", La...passed
And User fills Contract Period details with Contract From "27-Aug-2025"...passed
And User fills all mandatory Deployment details with Subsidiary "A.k en...passed
And User verifies default Status is "Active"..............................passed
And User clicks on the Save button........................................passed
And User clicks on OK button on success popup.............................passed
Then User searches created employee status in grid by identity number.....passed
And User verifies employee status in grid is "Active".....................passed
When User clicks on Edit icon for the created employee....................passed
And User clicks on "Deployment" tab in employee profile...................passed
Then User verifies deployment fields match initial created details Subs...passed
When User modifies deployment fields with temporary values................passed
And User clicks on Cancel button in deployment form.......................passed
Then User verifies deployment fields match initial created details Subs...passed]]></system-out>
  </testcase>
  <testcase classname="Contractor Employee Deployment Details Validation and Update" name="Validate Deployment details, modify fields, click Update, and verify changes persist" time="42.741691188999994">
    <failure type="Error" message="[2mexpect([22m[31mlocator[39m[2m).[22mtoBeVisible[2m([22m[2m)[22m failed&#xA;&#xA;Locator: locator('table tbody tr').filter({ hasText: /6511/i }).first()&#xA;Expected: visible&#xA;Timeout: 10000ms&#xA;Error: element(s) not found&#xA;&#xA;Call log:&#xA;[2m  - Expect &quot;to.be.visible&quot; with timeout 10000ms[22m&#xA;[2m  - waiting for locator('table tbody tr').filter({ hasText: /6511/i }).first()[22m&#xA;"><![CDATA[Error: [2mexpect([22m[31mlocator[39m[2m).[22mtoBeVisible[2m([22m[2m)[22m failed

Locator: locator('table tbody tr').filter({ hasText: /6511/i }).first()
Expected: visible
Timeout: 10000ms
Error: element(s) not found

Call log:
[2m  - Expect "to.be.visible" with timeout 10000ms[22m
[2m  - waiting for locator('table tbody tr').filter({ hasText: /6511/i }).first()[22m

    at captureRawStack (D:\CLMS-Automation\testing-framework-playwright--simplecode\node_modules\playwright-core\lib\coreBundle.js:9681:17)
    at callMatcherAsStep (D:\CLMS-Automation\testing-framework-playwright--simplecode\node_modules\playwright\lib\matchers\expect.js:13310:57)
    at Object.toBeVisible (D:\CLMS-Automation\testing-framework-playwright--simplecode\node_modules\playwright\lib\matchers\expect.js:13300:23)
    at World.<anonymous> (D:\CLMS-Automation\testing-framework-playwright--simplecode\features\step_definitions\statusChangeValidation.steps.js:171:29)]]></failure>
    <system-out><![CDATA[Given User opens the CLMS login application page..........................passed
When User enters username "admin" and password "sa".......................passed
And User clicks on the Login button.......................................passed
And User clicks on the Contractor Employee menu option....................passed
When User clicks on the Create button.....................................passed
And User verifies Aadhaar Card input field is visible.....................passed
And User enters dynamic valid Aadhaar number..............................passed
And User clicks on the Verify link if visible.............................passed
And User should see Submit and Skip Verification options and click Skip...passed
And User fills mandatory Personal details with First Name "Rohit", Last...passed
And User fills Contract Period details with Contract From "27-Aug-2025"...passed
And User fills all mandatory Deployment details with Subsidiary "A.k en...passed
And User verifies default Status is "Active"..............................passed
And User clicks on the Save button........................................passed
And User clicks on OK button on success popup.............................passed
When User searches created employee status in grid by identity number.....passed
Then User verifies employee status in grid is "Active"....................passed
When User clicks on Edit icon for the created employee....................passed
And User clicks on "Deployment" tab in employee profile...................passed
Then User verifies deployment fields match initial created details Subs...passed
When User modifies deployment fields with new values......................passed
And User clicks on Update button in deployment form.......................passed
Then User verifies deployment update success message appears..............passed
When User clicks on Edit icon for the created employee....................failed
And User clicks on "Deployment" tab in employee profile..................skipped
Then User verifies deployment fields match newly updated values..........skipped]]></system-out>
  </testcase>
  <testcase classname="Contractor Employee Excel Bulk Upload and Search Validation" name="Validate Excel Upload popup UI elements and verify batch data search functionality" time="53.935616390999996">
    <system-out><![CDATA[Given User opens the CLMS login application page..........................passed
When User enters username "admin" and password "sa".......................passed
And User clicks on the Login button.......................................passed
And User clicks on the Contractor Employee menu option....................passed
Then User verifies the Excel Upload icon is visible on Contractor Emplo...passed
When User clicks on the Excel Upload icon.................................passed
Then User verifies the Employee Upload popup is displayed with title an...passed
And User verifies no file is chosen initially in the input field..........passed
When User batch uploads all excel test sheets from folder "features/tes...passed
Then User verifies upload status counts and extracted records for each ...passed
And User performs single and combined grid searches for uploaded employ...passed]]></system-out>
  </testcase>
  <testcase classname="Contractor Employee Header Count Dynamic Verification" name="Verify Active and Total count increment on Single Employee Creation via Form" time="13.913651094">
    <system-out><![CDATA[Given User opens the CLMS login application page..........................passed
When User enters username "admin" and password "sa".......................passed
And User clicks on the Login button.......................................passed
And User clicks on the Contractor Employee menu option....................passed
Given User captures the current Active Count and Total Count from UI he...passed
When User clicks on the Create button.....................................passed
And User verifies Aadhaar Card input field is visible.....................passed
And User enters dynamic valid Aadhaar number..............................passed
And User clicks on the Verify link if visible.............................passed
And User should see Submit and Skip Verification options and click Skip...passed
And User fills mandatory Personal details with First Name "Harish", Las...passed
And User fills Contract Period details with Contract From "20-Aug-2026"...passed
And User fills all mandatory Deployment details with Subsidiary "A.k en...passed
And User verifies default Status is "Active"..............................passed
And User clicks on the Save button........................................passed
Then User verifies Total Count increased by 1.............................passed
And User verifies Active Count increased by 1.............................passed]]></system-out>
  </testcase>
  <testcase classname="Contractor Employee Header Count Dynamic Verification" name="Verify Active and Total count increment dynamically after Bulk Excel Upload" time="56.111215593">
    <system-out><![CDATA[Given User opens the CLMS login application page..........................passed
When User enters username "admin" and password "sa".......................passed
And User clicks on the Login button.......................................passed
And User clicks on the Contractor Employee menu option....................passed
Given User captures the current Active Count and Total Count from UI he...passed
When User batch uploads all excel test sheets from folder "features/tes...passed
Then User verifies Total and Active Count increased by total successful...passed]]></system-out>
  </testcase>
  <testcase classname="CLMS Login Functionality Verification" name="Validate Username and Password fields are visible and editable" time="0.6442065949999999">
    <system-out><![CDATA[Given User opens the CLMS login application page..........................passed
Then User verifies that the Username input field is visible and editabl...passed
And User verifies that the Password input field is visible and editable...passed]]></system-out>
  </testcase>
  <testcase classname="CLMS Login Functionality Verification" name="Successful login with valid credentials (Positive Scenarios)" time="2.2593581979999997">
    <system-out><![CDATA[Given User opens the CLMS login application page..........................passed
When User enters username "admin" and password "sa".......................passed
And User clicks on the Login button.......................................passed
Then User should be navigated to the main application dashboard...........passed]]></system-out>
  </testcase>
  <testcase classname="CLMS Login Functionality Verification" name="Successful login with valid credentials (Positive Scenarios) [1]" time="1.1929202959999998">
    <system-out><![CDATA[Given User opens the CLMS login application page..........................passed
When User enters username "Green" and password "sa".......................passed
And User clicks on the Login button.......................................passed
Then User should be navigated to the main application dashboard...........passed]]></system-out>
  </testcase>
  <testcase classname="CLMS Login Functionality Verification" name="Successful login with valid credentials (Positive Scenarios) [2]" time="0.6941547969999999">
    <system-out><![CDATA[Given User opens the CLMS login application page..........................passed
When User enters username "1003" and password "sa"........................passed
And User clicks on the Login button.......................................passed
Then User should be navigated to the main application dashboard...........passed]]></system-out>
  </testcase>
  <testcase classname="CLMS Login Functionality Verification" name="Unsuccessful login with invalid credentials (Negative Scenarios)" time="0.36242989600000003">
    <system-out><![CDATA[Given User opens the CLMS login application page..........................passed
When User enters username "admin" and password "wrong_sa".................passed
And User clicks on the Login button.......................................passed
Then User should see an appropriate authentication error message..........passed]]></system-out>
  </testcase>
  <testcase classname="CLMS Login Functionality Verification" name="Unsuccessful login with invalid credentials (Negative Scenarios) [1]" time="0.369579598">
    <system-out><![CDATA[Given User opens the CLMS login application page..........................passed
When User enters username "Invalid" and password "sa".....................passed
And User clicks on the Login button.......................................passed
Then User should see an appropriate authentication error message..........passed]]></system-out>
  </testcase>
  <testcase classname="CLMS Login Functionality Verification" name="Unsuccessful login with invalid credentials (Negative Scenarios) [2]" time="0.36406749699999996">
    <system-out><![CDATA[Given User opens the CLMS login application page..........................passed
When User enters username "" and password ""..............................passed
And User clicks on the Login button.......................................passed
Then User should see an appropriate authentication error message..........passed]]></system-out>
  </testcase>
  <testcase classname="Contractor Employee Grid Search and Verification" name="Verify searching created contractor employee in grid using dynamic identity number" time="23.900934595">
    <system-out><![CDATA[Given User opens the CLMS login application page..........................passed
When User enters username "admin" and password "sa".......................passed
And User clicks on the Login button.......................................passed
And User clicks on the Contractor Employee menu option....................passed
When User clicks on the Create button.....................................passed
Then User verifies identity card input field is visible...................passed
When User enters identity number "[Auto_Generated]".......................passed
And User clicks on the Verify link if visible.............................passed
And User should see Submit and Skip Verification options and click Skip...passed
And User fills all required deployment details and submits the form.......passed
Then User searches created employee by identity number in grid............passed
And The grid should display employee record matching created identity n...passed]]></system-out>
  </testcase>
  <testcase classname="Contractor Employee Status Update and Count Validation" name="Verify employee status change from Active to Left and back to Active with header count validations" time="78.07252177900001">
    <system-out><![CDATA[Given User opens the CLMS login application page..........................passed
When User enters username "admin" and password "sa".......................passed
And User clicks on the Login button.......................................passed
And User clicks on the Contractor Employee menu option....................passed
Given User captures the current Active Count and Total Count from UI he...passed
When User clicks on the Create button.....................................passed
And User verifies Aadhaar Card input field is visible.....................passed
And User enters dynamic valid Aadhaar number..............................passed
And User clicks on the Verify link if visible.............................passed
And User should see Submit and Skip Verification options and click Skip...passed
And User fills mandatory Personal details with First Name "Shubham", La...passed
And User fills Contract Period details with Contract From "27-Aug-2025"...passed
And User fills all mandatory Deployment details with Subsidiary "A.k en...passed
And User verifies default Status is "Active"..............................passed
And User clicks on the Save button........................................passed
And User clicks on OK button on success popup.............................passed
Then User searches created employee status in grid by identity number.....passed
And User verifies employee status in grid is "Active".....................passed
When User clicks on Edit icon for the created employee....................passed
Then User verifies pre-filled form details match First Name "Shubham", ...passed
And User verifies Delete button is visible on employee edit form..........passed
When User updates status from "Active" to "Left"..........................passed
And User clicks on the Update button......................................passed
And User clicks on OK button on success popup.............................passed
When User selects today date as Resignation Date and verifies Relieving...passed
And User clicks on Update button after filling dates......................passed
And User clicks on OK button on success popup.............................passed
And User clicks on Cancel button..........................................passed
And User verifies Active Count decreased by 1.............................passed
And User verifies Left Count increased by 1...............................passed
And User verifies Total Count remains unchanged...........................passed
Then User searches created employee status in grid by identity number.....passed
And User verifies employee status in grid is "Left".......................passed
When User clicks on Edit icon for the created employee....................passed
Then User verifies pre-filled form details match First Name "Shubham", ...passed
When User updates status from "Left" to "Active"..........................passed
And User clicks on the Update button......................................passed
And User clicks on OK button on success popup.............................passed
And User clicks on Cancel button..........................................passed
And User verifies Active Count increased by 1.............................passed
And User verifies Left Count decreased by 1...............................passed
And User verifies Total Count remains unchanged...........................passed
Then User searches created employee status in grid by identity number.....passed
And User verifies employee status in grid is "Active".....................passed]]></system-out>
  </testcase>
  <testcase classname="Contractor Employee Status Update and Count Validation" name="Verify employee status change from Left to Terminated and Absconded with count and Aadhaar grid validation" time="101.77380477199999">
    <system-out><![CDATA[Given User opens the CLMS login application page..........................passed
When User enters username "admin" and password "sa".......................passed
And User clicks on the Login button.......................................passed
And User clicks on the Contractor Employee menu option....................passed
Given User captures the current Active Count and Total Count from UI he...passed
When User clicks on the Create button.....................................passed
And User verifies Aadhaar Card input field is visible.....................passed
And User enters dynamic valid Aadhaar number..............................passed
And User clicks on the Verify link if visible.............................passed
And User should see Submit and Skip Verification options and click Skip...passed
And User fills mandatory Personal details with First Name "Nishant", La...passed
And User fills Contract Period details with Contract From "11-Aug-2025"...passed
And User fills all mandatory Deployment details with Subsidiary "A.k en...passed
And User clicks on the Save button........................................passed
And User clicks on OK button on success popup.............................passed
Then User searches created employee status in grid by identity number.....passed
When User clicks on Edit icon for the created employee....................passed
When User updates status from "Active" to "Left"..........................passed
And User clicks on the Update button......................................passed
And User clicks on OK button on success popup.............................passed
When User selects today date as Resignation Date and verifies Relieving...passed
And User clicks on Update button after filling dates......................passed
And User clicks on OK button on success popup.............................passed
And User clicks on Cancel button..........................................passed
Then User searches created employee status in grid by identity number.....passed
When User clicks on Edit icon for the created employee....................passed
When User updates status to "Terminated"..................................passed
And User clicks on the Update button......................................passed
And User clicks on OK button on success popup.............................passed
When User selects today date as Resignation Date and verifies Relieving...passed
And User clicks on Update button after filling dates......................passed
And User clicks on OK button on success popup.............................passed
And User clicks on Cancel button..........................................passed
And User verifies Active Count remains unchanged..........................passed
And User verifies Left Count remains unchanged............................passed
And User verifies Total Count remains unchanged...........................passed
Then User searches employee in grid by captured Aadhaar number............passed
And User verifies employee status in grid is "Terminated".................passed
When User clicks on Edit icon for the created employee....................passed
When User updates status to "Absconded"...................................passed
And User clicks on the Update button......................................passed
And User clicks on OK button on success popup.............................passed
When User fills mandatory exit dates based on status......................passed
And User clicks on Update button after filling dates......................passed
And User clicks on OK button on success popup.............................passed
And User clicks on Cancel button..........................................passed
And User verifies Active Count remains unchanged..........................passed
And User verifies Left Count remains unchanged............................passed
And User verifies Total Count remains unchanged...........................passed
Then User searches employee in grid by captured Aadhaar number............passed
And User verifies employee status in grid is "Absconded"..................passed]]></system-out>
  </testcase>
</testsuite>